2021/01/27 13:46:54 this ia a test log of write in file
2021/01/27 13:47:09 this ia a test log of write in file
2021/01/27 13:47:26 this is a test log of write in file
this is a test log of write in file
2021/01/27 this is a test log of write in file
13:53:59 this is a test log of write in file
2021/01/27 13:54:13 this is a test log of write in file
13:54:50.545935 this is a test log of write in file
2021/01/27 13:55:45.514959 this is a test log of write in file
13:56:08.107611 this is a test log of write in file
this is a test log of write in file
log:this is a test log of write in file
DEBUG:this is a test log of write in file
DEBUG:2021/01/27 15:17:24 this is a test log of write in file
2021/01/27 15:17:38 this is a test log of write in file
2021/01/27 main.go:42: this is a test log of write in file
2021/01/27 15:19:46 main.go:42: this is a test log of write in file
[DEBUG] 2021/01/27 15:21:27 main.go:42: this is a test log of write in file
[DEBUG] 2021/01/27 15:24:29 main.go:43: this is a test log of write in file
2021/01/27 23:02:09 debug message
2021/01/27 23:02:09 Debug:debug content
2021/01/27 23:09:43 debugdebug message
2021/01/27 23:09:43 debugDebug:debug content
2021/01/27 23:10:26 debugmessage
2021/01/27 23:10:26 debugcontent
2021/01/27 23:10:58 debug message
2021/01/27 23:10:58 debug content
2021/01/27 23:11:23  [debug] message
2021/01/27 23:11:23  [debug] content
2021/01/27 23:12:05 main.go:78:  [debug] message
2021/01/27 23:12:05 main.go:82:  [debug] content
